<?xml version="1.0" encoding="UTF-8"?>
<testng-results skipped="0" failed="1" total="2" passed="1">
  <reporter-output>
  </reporter-output>
  <suite name="Default suite" duration-ms="29841" started-at="2018-06-25T12:33:28Z" finished-at="2018-06-25T12:33:58Z">
    <groups>
    </groups>
    <test name="Default test" duration-ms="29841" started-at="2018-06-25T12:33:28Z" finished-at="2018-06-25T12:33:58Z">
      <class name="ex.org.selenium1.BookTicketTest">
        <test-method status="PASS" signature="beforeTest()[pri:0, instance:ex.org.selenium1.BookTicketTest@1a968a59]" name="beforeTest" is-config="true" duration-ms="16100" started-at="2018-06-25T18:03:28Z" finished-at="2018-06-25T18:03:44Z">
          <reporter-output>
          </reporter-output>
        </test-method> <!-- beforeTest -->
        <test-method status="FAIL" signature="login(java.lang.String, java.lang.String)[pri:1, instance:ex.org.selenium1.BookTicketTest@1a968a59]" name="login" duration-ms="7399" started-at="2018-06-25T18:03:45Z" data-provider="logindata" finished-at="2018-06-25T18:03:53Z">
          <params>
            <param index="0">
              <value>
                <![CDATA[invalidUN]]>
              </value>
            </param>
            <param index="1">
              <value>
                <![CDATA[invalidPW]]>
              </value>
            </param>
          </params>
          <exception class="java.lang.AssertionError">
            <message>
              <![CDATA[expected [Find a Flight: Mercury Tours:] but found [Find a Flight:Mercury]]]>
            </message>
            <full-stacktrace>
              <![CDATA[java.lang.AssertionError: expected [Find a Flight: Mercury Tours:] but found [Find a Flight:Mercury]
	at org.testng.Assert.fail(Assert.java:94)
	at org.testng.Assert.failNotEquals(Assert.java:496)
	at org.testng.Assert.assertEquals(Assert.java:125)
	at org.testng.Assert.assertEquals(Assert.java:178)
	at org.testng.Assert.assertEquals(Assert.java:188)
	at ex.org.selenium1.BookTicketTest.login(BookTicketTest.java:25)
	at sun.reflect.NativeMethodAccessorImpl.invoke0(Native Method)
	at sun.reflect.NativeMethodAccessorImpl.invoke(Unknown Source)
	at sun.reflect.DelegatingMethodAccessorImpl.invoke(Unknown Source)
	at java.lang.reflect.Method.invoke(Unknown Source)
	at org.testng.internal.MethodInvocationHelper.invokeMethod(MethodInvocationHelper.java:85)
	at org.testng.internal.Invoker.invokeMethod(Invoker.java:639)
	at org.testng.internal.Invoker.invokeTestMethod(Invoker.java:816)
	at org.testng.internal.Invoker.invokeTestMethods(Invoker.java:1124)
	at org.testng.internal.TestMethodWorker.invokeTestMethods(TestMethodWorker.java:125)
	at org.testng.internal.TestMethodWorker.run(TestMethodWorker.java:108)
	at org.testng.TestRunner.privateRun(TestRunner.java:774)
	at org.testng.TestRunner.run(TestRunner.java:624)
	at org.testng.SuiteRunner.runTest(SuiteRunner.java:359)
	at org.testng.SuiteRunner.runSequentially(SuiteRunner.java:354)
	at org.testng.SuiteRunner.privateRun(SuiteRunner.java:312)
	at org.testng.SuiteRunner.run(SuiteRunner.java:261)
	at org.testng.SuiteRunnerWorker.runSuite(SuiteRunnerWorker.java:52)
	at org.testng.SuiteRunnerWorker.run(SuiteRunnerWorker.java:86)
	at org.testng.TestNG.runSuitesSequentially(TestNG.java:1215)
	at org.testng.TestNG.runSuitesLocally(TestNG.java:1140)
	at org.testng.TestNG.run(TestNG.java:1048)
	at org.testng.remote.AbstractRemoteTestNG.run(AbstractRemoteTestNG.java:114)
	at org.testng.remote.RemoteTestNG.initAndRun(RemoteTestNG.java:251)
	at org.testng.remote.RemoteTestNG.main(RemoteTestNG.java:77)
]]>
            </full-stacktrace>
          </exception> <!-- java.lang.AssertionError -->
          <reporter-output>
          </reporter-output>
        </test-method> <!-- login -->
        <test-method status="PASS" signature="findflight()[pri:2, instance:ex.org.selenium1.BookTicketTest@1a968a59]" name="findflight" duration-ms="5415" started-at="2018-06-25T18:03:53Z" finished-at="2018-06-25T18:03:58Z">
          <reporter-output>
          </reporter-output>
        </test-method> <!-- findflight -->
        <test-method status="PASS" signature="afterTest()[pri:0, instance:ex.org.selenium1.BookTicketTest@1a968a59]" name="afterTest" is-config="true" duration-ms="0" started-at="2018-06-25T18:03:58Z" finished-at="2018-06-25T18:03:58Z">
          <reporter-output>
          </reporter-output>
        </test-method> <!-- afterTest -->
      </class> <!-- ex.org.selenium1.BookTicketTest -->
    </test> <!-- Default test -->
  </suite> <!-- Default suite -->
</testng-results>
